4.927793
5.408269
4.068333
2.151778
-2.145835
-5.804260
-7.380298
-7.777808
-5.395554
-2.877647
0.161007
1.038001
4.583134
2.016963
-0.925608
-4.203258
-5.768410
-5.380810
-3.067306
-1.339161
-2.736212
-3.789380
-2.641413
-0.778782
0.563287
1.884749
5.689310
6.029737
5.405294
3.258632
0.605299
-0.768416
-1.976989
-1.914390
-1.035497
0.414123
2.246636
6.391364
6.099024
4.623337
3.022690
1.167457
-0.209124
-0.923821
-1.078758
-0.231005
0.935538
2.244758
2.522490
0.661450
-0.226127
-0.769301
-0.791841
-0.201685
0.469250
4.301875
5.081401
5.056053
4.254656
2.630224
0.630339
-0.632807
-0.937807
-0.735923
3.502895
2.715057
1.446646
0.292606
-0.784038
-0.970466
-0.805393
-0.018980
1.575168
2.082591
2.009886
1.592608
0.888679
0.145298
-0.294400
-0.184596
0.399724
1.232110
1.215601
1.004505
0.890626
1.120647
1.119002
1.199456
-0.028462
0.457615
0.791664
1.260918
1.640696
2.107395
2.477106
2.469613
1.926426
1.357832
2.532626
3.155304
3.523823
3.180521
1.524722
-0.052909
1.179377
2.388096
3.624636
4.107895
3.657993
2.319255
-1.283941
-1.090752
0.384063
2.378448
4.153389
4.449345
3.897386
2.458116
0.240032
2.659607
4.561910
5.037194
4.042986
1.994836
-1.617922
-0.996940
0.666905
3.441055
5.086116
5.296975
4.156564
2.736359
0.793863
3.057132
5.319521
5.510717
4.252869
3.796758
-2.026203
-1.112606
0.373191
2.516650
4.483673
5.607773
5.760540
4.976928
3.772780
-0.093563
1.684838
3.452768
4.900044
5.538675
5.217904
4.249038
-1.889085
-1.569652
-0.486525
0.940740
1.750681
2.975712
3.578444
4.105726
4.077958
3.831337
-1.658630
-1.223422
-0.537170
-0.076220
0.892979
2.249801
2.387744
2.544992
-1.282967
-1.860566
-2.190234
-2.560395
-2.868370
-2.627996
-1.866205
-0.772085
-0.092263
0.338595
1.176202
-4.479735
-4.579309
-3.297260
-2.828389
-2.094202
-1.232090
-2.299663
-3.306552
-3.813335
-4.880365
-6.773682
-7.183544
-5.985917
-4.867318
-3.596763
-2.330795
-5.380131
-6.663783
-8.932354
-9.166886
-7.683354
-5.942285
0.558956
0.244953
-1.031477
-2.875046
-4.865633
-6.811561
-8.487256
-10.518272
-10.402561
-8.899271
-5.105018
-3.459310
0.889311
-1.182099
-4.371796
-7.366518
-9.830032
-11.226806
-10.504223
-7.888534
-5.025975
-2.795251
-8.642901
-10.591161
-9.470422
3.336872
3.506041
2.585207
1.031059
-1.544473
-5.118573
-8.222423
-9.687045
-9.487947
-6.907273
-4.284334
-1.712838
-0.364876
0.750885
-1.258316
2.033954
0.461604
